<?xml version="1.0" encoding="UTF-8"?>
<!-- Generated by org.testng.reporters.JUnitXMLReporter -->
<testsuite ignored="0" hostname="DESKTOP-6CM26U6" failures="0" tests="3" name="Default test" time="10.284" errors="0" timestamp="2024-07-14T15:48:58 IST">
  <testcase classname="api.test.Test_01_UserTests" name="testPostUser" time="4.852"/>
  <testcase classname="api.test.Test_01_UserTests" name="getTestUser" time="1.833"/>
  <testcase classname="api.test.Test_01_UserTests" name="updateUserDetails" time="3.331"/>
</testsuite> <!-- Default test -->
