<?xml version="1.0" encoding="UTF-8"?>
<!-- Generated by org.testng.reporters.JUnitXMLReporter -->
<testsuite ignored="0" hostname="DESKTOP-6CM26U6" failures="0" tests="3" name="Test" time="8.027" errors="0" timestamp="2024-07-14T15:58:07 IST">
  <testcase classname="api.test.Test_01_UserTests" name="testPostUser" time="3.46"/>
  <testcase classname="api.test.Test_01_UserTests" name="getTestUser" time="1.79"/>
  <testcase classname="api.test.Test_01_UserTests" name="updateUserDetails" time="2.56"/>
</testsuite> <!-- Test -->
