<?xml version="1.0" encoding="UTF-8"?>
<testng-results ignored="0" total="2" passed="2" failed="0" skipped="0">
  <reporter-output>
  </reporter-output>
  <suite started-at="2024-07-13T19:26:00 IST" name="Suite" finished-at="2024-07-13T19:26:08 IST" duration-ms="7766">
    <groups>
    </groups>
    <test started-at="2024-07-13T19:26:00 IST" name="Test" finished-at="2024-07-13T19:26:08 IST" duration-ms="7766">
      <class name="api.test.Test_01_UserTests">
        <test-method is-config="true" signature="setupData()[pri:0, instance:api.test.Test_01_UserTests@6c64cb25]" started-at="2024-07-13T19:26:00 IST" name="setupData" finished-at="2024-07-13T19:26:01 IST" duration-ms="575" status="PASS">
          <reporter-output>
          </reporter-output>
        </test-method> <!-- setupData -->
        <test-method signature="testPostUser()[pri:1, instance:api.test.Test_01_UserTests@6c64cb25]" started-at="2024-07-13T19:26:01 IST" name="testPostUser" finished-at="2024-07-13T19:26:06 IST" duration-ms="5428" status="PASS">
          <reporter-output>
          </reporter-output>
        </test-method> <!-- testPostUser -->
        <test-method signature="getTestUser()[pri:2, instance:api.test.Test_01_UserTests@6c64cb25]" started-at="2024-07-13T19:26:06 IST" name="getTestUser" finished-at="2024-07-13T19:26:08 IST" duration-ms="1666" status="PASS">
          <reporter-output>
          </reporter-output>
        </test-method> <!-- getTestUser -->
      </class> <!-- api.test.Test_01_UserTests -->
    </test> <!-- Test -->
  </suite> <!-- Suite -->
</testng-results>
