<?xml version="1.0" encoding="UTF-8"?>
<testng-results ignored="0" total="3" passed="3" failed="0" skipped="0">
  <reporter-output>
  </reporter-output>
  <suite started-at="2024-07-14T15:57:59 IST" name="Suite" finished-at="2024-07-14T15:58:07 IST" duration-ms="8027">
    <groups>
    </groups>
    <test started-at="2024-07-14T15:57:59 IST" name="Test" finished-at="2024-07-14T15:58:07 IST" duration-ms="8027">
      <class name="api.test.Test_01_UserTests">
        <test-method is-config="true" signature="setupData()[pri:0, instance:api.test.Test_01_UserTests@645aa696]" started-at="2024-07-14T15:57:59 IST" name="setupData" finished-at="2024-07-14T15:57:59 IST" duration-ms="180" status="PASS">
          <reporter-output>
          </reporter-output>
        </test-method> <!-- setupData -->
        <test-method signature="testPostUser()[pri:1, instance:api.test.Test_01_UserTests@645aa696]" started-at="2024-07-14T15:57:59 IST" name="testPostUser" finished-at="2024-07-14T15:58:03 IST" duration-ms="3460" status="PASS">
          <reporter-output>
          </reporter-output>
        </test-method> <!-- testPostUser -->
        <test-method signature="getTestUser()[pri:2, instance:api.test.Test_01_UserTests@645aa696]" started-at="2024-07-14T15:58:03 IST" name="getTestUser" finished-at="2024-07-14T15:58:04 IST" duration-ms="1790" status="PASS">
          <reporter-output>
          </reporter-output>
        </test-method> <!-- getTestUser -->
        <test-method signature="updateUserDetails()[pri:3, instance:api.test.Test_01_UserTests@645aa696]" started-at="2024-07-14T15:58:04 IST" name="updateUserDetails" finished-at="2024-07-14T15:58:07 IST" duration-ms="2560" status="PASS">
          <reporter-output>
          </reporter-output>
        </test-method> <!-- updateUserDetails -->
      </class> <!-- api.test.Test_01_UserTests -->
    </test> <!-- Test -->
  </suite> <!-- Suite -->
</testng-results>
