<?xml version="1.0" encoding="UTF-8"?>
<testng-results ignored="0" total="1" passed="1" failed="0" skipped="0">
  <reporter-output>
  </reporter-output>
  <suite started-at="2024-07-15T15:23:10 IST" name="Default suite" finished-at="2024-07-15T15:23:13 IST" duration-ms="3077">
    <groups>
    </groups>
    <test started-at="2024-07-15T15:23:10 IST" name="Default test" finished-at="2024-07-15T15:23:13 IST" duration-ms="3077">
      <class name="api.test.Test_04_TestWithExcellData">
        <test-method signature="createUserDetails()[pri:0, instance:api.test.Test_04_TestWithExcellData@5e2c3d18]" started-at="2024-07-15T15:23:10 IST" name="createUserDetails" finished-at="2024-07-15T15:23:13 IST" duration-ms="3051" status="PASS">
          <reporter-output>
          </reporter-output>
        </test-method> <!-- createUserDetails -->
      </class> <!-- api.test.Test_04_TestWithExcellData -->
    </test> <!-- Default test -->
  </suite> <!-- Default suite -->
</testng-results>
