<?xml version="1.0" encoding="UTF-8"?>
<testng-results ignored="0" total="1" passed="1" failed="0" skipped="0">
  <reporter-output>
  </reporter-output>
  <suite started-at="2024-07-14T10:34:55 IST" name="Default suite" finished-at="2024-07-14T10:34:55 IST" duration-ms="623">
    <groups>
    </groups>
    <test started-at="2024-07-14T10:34:55 IST" name="Default test" finished-at="2024-07-14T10:34:55 IST" duration-ms="623">
      <class name="Excelutilities.ExcellWrite">
        <test-method signature="named()[pri:0, instance:Excelutilities.ExcellWrite@645aa696]" started-at="2024-07-14T10:34:55 IST" name="named" finished-at="2024-07-14T10:34:55 IST" duration-ms="589" status="PASS">
          <reporter-output>
          </reporter-output>
        </test-method> <!-- named -->
      </class> <!-- Excelutilities.ExcellWrite -->
    </test> <!-- Default test -->
  </suite> <!-- Default suite -->
</testng-results>
